<?xml version="1.0" encoding="utf-8"?><testsuites name="pytest tests"><testsuite name="pytest" errors="0" failures="0" skipped="0" tests="20" time="12.525" timestamp="2026-05-03T11:28:47.392722+00:00" hostname="agent-env-2e5f00bf-48f0-457d-9326-a2af87074e74"><testcase classname="backend.tests.test_backend_api.TestHealth" name="test_api_root" time="0.210" /><testcase classname="backend.tests.test_backend_api.TestAuth" name="test_login_existing_user" time="0.295" /><testcase classname="backend.tests.test_backend_api.TestAuth" name="test_register_duplicate_fails" time="0.330" /><testcase classname="backend.tests.test_backend_api.TestAuth" name="test_login_wrong_password" time="0.271" /><testcase classname="backend.tests.test_backend_api.TestAuth" name="test_me_requires_auth" time="0.045" /><testcase classname="backend.tests.test_backend_api.TestAuth" name="test_me_with_token" time="0.058" /><testcase classname="backend.tests.test_backend_api.TestAuth" name="test_register_new_user" time="0.271" /><testcase classname="backend.tests.test_backend_api.TestMarket" name="test_tickers_default" time="0.746" /><testcase classname="backend.tests.test_backend_api.TestMarket" name="test_tickers_specific" time="0.664" /><testcase classname="backend.tests.test_backend_api.TestMarket" name="test_ticker_by_symbol" time="0.734" /><testcase classname="backend.tests.test_backend_api.TestMarket" name="test_klines" time="0.917" /><testcase classname="backend.tests.test_backend_api.TestMarket" name="test_klines_invalid_interval" time="0.055" /><testcase classname="backend.tests.test_backend_api.TestWatchlist" name="test_watchlist_crud_flow" time="0.294" /><testcase classname="backend.tests.test_backend_api.TestWatchlist" name="test_watchlist_requires_auth" time="0.044" /><testcase classname="backend.tests.test_backend_api.TestPortfolio" name="test_portfolio_empty" time="0.094" /><testcase classname="backend.tests.test_backend_api.TestPortfolio" name="test_add_and_delete_position" time="0.822" /><testcase classname="backend.tests.test_backend_api.TestPortfolio" name="test_portfolio_invalid_values" time="0.063" /><testcase classname="backend.tests.test_backend_api.TestAISignal" name="test_signal_requires_auth" time="0.049" /><testcase classname="backend.tests.test_backend_api.TestAISignal" name="test_signal_generation" time="6.458" /><testcase classname="backend.tests.test_backend_api.TestAISignal" name="test_recent_signals" time="0.053" /></testsuite></testsuites>